\BOOKMARK [0][-]{frontmatter.0}{\376\377\000F\000r\000o\000n\000t\000\040\000M\000a\000t\000t\000e\000r}{}% 1
\BOOKMARK [1][-]{cover.1}{\376\377\000C\000o\000v\000e\000r}{frontmatter.0}% 2
\BOOKMARK [0][-]{toc.0}{\376\377\000T\000a\000b\000l\000e\000\040\000o\000f\000\040\000C\000o\000n\000t\000e\000n\000t\000s\000\040\000P\000r\000o\000u\000t}{}% 3
\BOOKMARK [0][-]{chapter.1}{\376\377\000I\000n\000t\000r\000o\000d\000u\000c\000t\000i\000o\000n}{}% 4
\BOOKMARK [0][-]{chapter.2}{\376\377\000P\000r\000\351\000l\000i\000m\000i\000n\000a\000i\000r\000e\000s}{}% 5
\BOOKMARK [1][-]{section.2.1}{\376\377\000S\000t\000r\000u\000c\000t\000u\000r\000e\000\040\000d\000e\000\040\000d\000o\000n\000n\000\351\000e\000s}{chapter.2}% 6
\BOOKMARK [1][-]{section.2.2}{\376\377\000C\000e\000l\000l\000u\000l\000e\000s\000\040\000a\000d\000j\000a\000c\000e\000n\000t\000e\000s}{chapter.2}% 7
\BOOKMARK [0][-]{chapter.3}{\376\377\000M\000o\000d\000u\000l\000e\000s}{}% 8
\BOOKMARK [1][-]{section.3.1}{\376\377\000L\000i\000s\000t\000e\000\040\000d\000e\000s\000\040\000m\000o\000d\000u\000l\000e\000s}{chapter.3}% 9
\BOOKMARK [2][-]{subsection.3.1.1}{\376\377\000D\000\351\000m\000i\000n\000e\000u\000r}{section.3.1}% 10
\BOOKMARK [0][-]{chapter.4}{\376\377\000P\000r\000\351\000s\000e\000n\000t\000a\000t\000i\000o\000n\000\040\000d\000e\000s\000\040\000m\000o\000d\000u\000l\000e\000s}{}% 11
\BOOKMARK [1][-]{section.4.1}{\376\377\000M\000o\000d\000u\000l\000e\000\040\000i\000n\000i\000t\000i\000a\000l\000i\000z\000e\000\137\000b\000o\000a\000r\000d}{chapter.4}% 12
\BOOKMARK [2][-]{subsection.4.1.1}{\376\377\000D\000e\000s\000c\000r\000i\000p\000t\000i\000o\000n}{section.4.1}% 13
\BOOKMARK [2][-]{subsection.4.1.2}{\376\377\000P\000a\000r\000a\000m\000\350\000t\000r\000e\000s}{section.4.1}% 14
\BOOKMARK [2][-]{subsection.4.1.3}{\376\377\000C\000h\000o\000i\000x\000\040\000d\000'\000I\000m\000p\000l\000\351\000m\000e\000n\000t\000a\000t\000i\000o\000n}{section.4.1}% 15
\BOOKMARK [2][-]{subsection.4.1.4}{\376\377\000P\000s\000e\000u\000d\000o\000-\000c\000o\000d\000e}{section.4.1}% 16
\BOOKMARK [1][-]{section.4.2}{\376\377\000M\000o\000d\000u\000l\000e\000\040\000p\000l\000a\000c\000e\000\137\000m\000i\000n\000e\000s}{chapter.4}% 17
\BOOKMARK [2][-]{subsection.4.2.1}{\376\377\000D\000e\000s\000c\000r\000i\000p\000t\000i\000o\000n}{section.4.2}% 18
\BOOKMARK [2][-]{subsection.4.2.2}{\376\377\000C\000h\000o\000i\000x\000\040\000d\000'\000I\000m\000p\000l\000\351\000m\000e\000n\000t\000a\000t\000i\000o\000n}{section.4.2}% 19
\BOOKMARK [2][-]{subsection.4.2.3}{\376\377\000P\000s\000e\000u\000d\000o\000-\000c\000o\000d\000e}{section.4.2}% 20
\BOOKMARK [1][-]{section.4.3}{\376\377\000M\000o\000d\000u\000l\000e\000\040\000p\000r\000i\000n\000t\000\137\000b\000o\000a\000r\000d}{chapter.4}% 21
\BOOKMARK [1][-]{section.4.4}{\376\377\000A\000f\000f\000i\000c\000h\000a\000g\000e\000\040\000r\000\351\000c\000u\000r\000s\000i\000f\000\040\000d\000'\000u\000n\000e\000\040\000g\000r\000i\000l\000l\000e\000\040\000d\000e\000\040\000d\000\351\000m\000i\000n\000e\000u\000r}{chapter.4}% 22
\BOOKMARK [2][-]{subsection.4.4.1}{\376\377\000D\000e\000s\000c\000r\000i\000p\000t\000i\000o\000n}{section.4.4}% 23
\BOOKMARK [2][-]{subsection.4.4.2}{\376\377\000P\000a\000r\000a\000m\000\350\000t\000r\000e\000s}{section.4.4}% 24
\BOOKMARK [2][-]{subsection.4.4.3}{\376\377\000C\000h\000o\000i\000x\000\040\000d\000'\000I\000m\000p\000l\000\351\000m\000e\000n\000t\000a\000t\000i\000o\000n}{section.4.4}% 25
\BOOKMARK [2][-]{subsection.4.4.4}{\376\377\000P\000s\000e\000u\000d\000o\000-\000c\000o\000d\000e}{section.4.4}% 26
\BOOKMARK [1][-]{section.4.5}{\376\377\000M\000o\000d\000u\000l\000e\000\040\000c\000a\000l\000c\000u\000l\000a\000t\000e\000\137\000a\000d\000j\000a\000c\000e\000n\000t\000\137\000m\000i\000n\000e\000s}{chapter.4}% 27
\BOOKMARK [2][-]{subsection.4.5.1}{\376\377\000D\000e\000s\000c\000r\000i\000p\000t\000i\000o\000n}{section.4.5}% 28
\BOOKMARK [2][-]{subsection.4.5.2}{\376\377\000P\000a\000r\000a\000m\000\350\000t\000r\000e\000s}{section.4.5}% 29
\BOOKMARK [2][-]{subsection.4.5.3}{\376\377\000C\000h\000o\000i\000x\000\040\000d\000'\000I\000m\000p\000l\000\351\000m\000e\000n\000t\000a\000t\000i\000o\000n}{section.4.5}% 30
\BOOKMARK [2][-]{subsection.4.5.4}{\376\377\000P\000s\000e\000u\000d\000o\000-\000c\000o\000d\000e}{section.4.5}% 31
\BOOKMARK [1][-]{section.4.6}{\376\377\000M\000o\000d\000u\000l\000e\000\040\000r\000e\000v\000e\000a\000l\000\137\000c\000e\000l\000l}{chapter.4}% 32
\BOOKMARK [2][-]{subsection.4.6.1}{\376\377\000D\000e\000s\000c\000r\000i\000p\000t\000i\000o\000n}{section.4.6}% 33
\BOOKMARK [2][-]{subsection.4.6.2}{\376\377\000P\000a\000r\000a\000m\000\350\000t\000r\000e\000s}{section.4.6}% 34
\BOOKMARK [2][-]{subsection.4.6.3}{\376\377\000C\000h\000o\000i\000x\000\040\000d\000'\000I\000m\000p\000l\000\351\000m\000e\000n\000t\000a\000t\000i\000o\000n}{section.4.6}% 35
\BOOKMARK [2][-]{subsection.4.6.4}{\376\377\000P\000s\000e\000u\000d\000o\000-\000c\000o\000d\000e}{section.4.6}% 36
\BOOKMARK [1][-]{section.4.7}{\376\377\000M\000o\000d\000u\000l\000e\000\040\000f\000l\000a\000g\000\137\000c\000e\000l\000l}{chapter.4}% 37
\BOOKMARK [2][-]{subsection.4.7.1}{\376\377\000D\000e\000s\000c\000r\000i\000p\000t\000i\000o\000n}{section.4.7}% 38
\BOOKMARK [2][-]{subsection.4.7.2}{\376\377\000P\000a\000r\000a\000m\000\350\000t\000r\000e\000s}{section.4.7}% 39
\BOOKMARK [2][-]{subsection.4.7.3}{\376\377\000P\000s\000e\000u\000d\000o\000-\000c\000o\000d\000e}{section.4.7}% 40
\BOOKMARK [1][-]{section.4.8}{\376\377\000M\000o\000d\000u\000l\000e\000\040\000i\000s\000L\000o\000s\000t}{chapter.4}% 41
\BOOKMARK [2][-]{subsection.4.8.1}{\376\377\000D\000e\000s\000c\000r\000i\000p\000t\000i\000o\000n}{section.4.8}% 42
\BOOKMARK [2][-]{subsection.4.8.2}{\376\377\000P\000a\000r\000a\000m\000\350\000t\000r\000e\000s}{section.4.8}% 43
\BOOKMARK [2][-]{subsection.4.8.3}{\376\377\000P\000s\000e\000u\000d\000o\000-\000c\000o\000d\000e}{section.4.8}% 44
\BOOKMARK [0][-]{chapter.5}{\376\377\000S\000t\000r\000a\000t\000\351\000g\000i\000e}{}% 45
\BOOKMARK [1][-]{section.5.1}{\376\377\000P\000r\000e\000l\000i\000m\000i\000n\000a\000i\000r\000e\000s}{chapter.5}% 46
\BOOKMARK [1][-]{section.5.2}{\376\377\000A\000l\000g\000o\000r\000i\000t\000h\000m\000e\000\040\000n\000a\000\357\000f}{chapter.5}% 47
\BOOKMARK [2][-]{subsection.5.2.1}{\376\377\000D\000\351\000n\000o\000m\000b\000r\000e\000m\000e\000n\000t}{section.5.2}% 48
\BOOKMARK [2][-]{subsection.5.2.2}{\376\377\000P\000s\000e\000u\000d\000o\000-\000c\000o\000d\000e}{section.5.2}% 49
\BOOKMARK [2][-]{subsection.5.2.3}{\376\377\000C\000o\000m\000p\000l\000e\000x\000i\000t\000\351}{section.5.2}% 50
\BOOKMARK [1][-]{section.5.3}{\376\377\000A\000l\000g\000o\000r\000i\000t\000h\000m\000e\000\040\000o\000p\000t\000i\000m\000i\000s\000\351}{chapter.5}% 51
\BOOKMARK [2][-]{subsection.5.3.1}{\376\377\000O\000p\000t\000i\000m\000i\000s\000a\000t\000i\000o\000n\000s}{section.5.3}% 52
\BOOKMARK [0][-]{chapter.6}{\376\377\000C\000o\000n\000c\000l\000u\000s\000i\000o\000n}{}% 53
